

Microchip Technology PIC18 LITE Macro Assembler V1.41 build -162212810 
                                                                                               Mon Nov 20 16:33:20 2017

Microchip Technology Omniscient Code Generator v1.41 (Free mode) build 201701250102
     1                           	processor	18F25J11
     2                           	fnconf	rparam,??,?,0
     3                           	opt	pw 120
     4                           	opt	lm
     5                           	psect	cinit,global,reloc=2,class=CODE,delta=1
     6                           	psect	cstackCOMRAM,global,class=COMRAM,space=1,delta=1,noexec
     7                           	psect	text0,global,reloc=2,class=CODE,delta=1
     8                           	psect	intsave_regs,global,class=BIGRAM,space=1,delta=1,noexec
     9                           	psect	rparam,global,class=COMRAM,space=1,delta=1,noexec
    10  0000                     
    11                           ; Version 1.41
    12                           ; Generated 25/01/2017 GMT
    13                           ; 
    14                           ; Copyright © 2017, Microchip Technology Inc. and its subsidiaries ("Microchip")
    15                           ; All rights reserved.
    16                           ; 
    17                           ; This software is developed by Microchip Technology Inc. and its subsidiaries ("Microch
      +                          ip").
    18                           ; 
    19                           ; Redistribution and use in source and binary forms, with or without modification, are
    20                           ; permitted provided that the following conditions are met:
    21                           ; 
    22                           ;     1. Redistributions of source code must retain the above copyright notice, this lis
      +                          t of
    23                           ;        conditions and the following disclaimer.
    24                           ; 
    25                           ;     2. Redistributions in binary form must reproduce the above copyright notice, this 
      +                          list
    26                           ;        of conditions and the following disclaimer in the documentation and/or other
    27                           ;        materials provided with the distribution.
    28                           ; 
    29                           ;     3. Microchip's name may not be used to endorse or promote products derived from th
      +                          is
    30                           ;        software without specific prior written permission.
    31                           ; 
    32                           ; THIS SOFTWARE IS PROVIDED BY MICROCHIP "AS IS" AND ANY EXPRESS OR IMPLIED WARRANTIES,
    33                           ; INCLUDING, BUT NOT LIMITED TO, THE IMPLIED WARRANTIES OF MERCHANTABILITY AND FITNESS F
      +                          OR
    34                           ; PURPOSE ARE DISCLAIMED.  IN NO EVENT SHALL MICROCHIP BE LIABLE FOR ANY DIRECT, INDIREC
      +                          T,
    35                           ; INCIDENTAL, SPECIAL, EXEMPLARY, OR CONSEQUENTIAL DAMAGES (INCLUDING BUT NOT LIMITED TO
    36                           ; PROCUREMENT OF SUBSTITUTE GOODS OR SERVICES; LOSS OF USE, DATA OR PROFITS; OR BUSINESS
    37                           ; INTERRUPTION) HOWSOEVER CAUSED AND ON ANY THEORY OF LIABILITY, WHETHER IN CONTRACT, ST
      +                          RICT
    38                           ; LIABILITY, OR TORT (INCLUDING NEGLIGENCE OR OTHERWISE) ARISING IN ANY WAY OUT OF THE U
      +                          SE OF
    39                           ; THIS SOFTWARE, EVEN IF ADVISED OF THE POSSIBILITY OF SUCH DAMAGE.
    40                           ; 
    41                           ; 
    42                           ; Code-generator required, PIC18F25J11 Definitions
    43                           ; 
    44                           ; SFR Addresses
    45  0000                     _PORTAbits	set	3968
    46  0000                     _TRISA	set	3986
    47                           
    48                           ; #config settings
    49  0000                     
    50                           	psect	cinit
    51  007FB8                     __pcinit:
    52                           	opt stack 0
    53  007FB8                     start_initialization:
    54                           	opt stack 0
    55  007FB8                     __initialization:
    56                           	opt stack 0
    57  007FB8                     end_of_initialization:
    58                           	opt stack 0
    59  007FB8                     __end_of__initialization:
    60                           	opt stack 0
    61  007FB8  0100               	movlb	0
    62  007FBA  EFDF  F03F         	goto	_main	;jump to C main() function
    63                           
    64                           	psect	cstackCOMRAM
    65  000001                     __pcstackCOMRAM:
    66                           	opt stack 0
    67  000001                     ??_main:
    68                           
    69                           ; 1 bytes @ 0x0
    70  000001                     	ds	2
    71                           
    72 ;;
    73 ;;Main: autosize = 0, tempsize = 2, incstack = 0, save=0
    74 ;;
    75 ;; *************** function _main *****************
    76 ;; Defined at:
    77 ;;		line 58 in file "main.c"
    78 ;; Parameters:    Size  Location     Type
    79 ;;		None
    80 ;; Auto vars:     Size  Location     Type
    81 ;;		None
    82 ;; Return value:  Size  Location     Type
    83 ;;                  1    wreg      void 
    84 ;; Registers used:
    85 ;;		wreg, status,2
    86 ;; Tracked objects:
    87 ;;		On entry : 0/0
    88 ;;		On exit  : 0/0
    89 ;;		Unchanged: 0/0
    90 ;; Data sizes:     COMRAM   BANK0   BANK1   BANK2   BANK3   BANK4   BANK5   BANK6   BANK7   BANK8   BANK9  BANK10  BANK1
      +1  BANK12  BANK13  BANK14
    91 ;;      Params:         0       0       0       0       0       0       0       0       0       0       0       0       
      +0       0       0       0
    92 ;;      Locals:         0       0       0       0       0       0       0       0       0       0       0       0       
      +0       0       0       0
    93 ;;      Temps:          2       0       0       0       0       0       0       0       0       0       0       0       
      +0       0       0       0
    94 ;;      Totals:         2       0       0       0       0       0       0       0       0       0       0       0       
      +0       0       0       0
    95 ;;Total ram usage:        2 bytes
    96 ;; This function calls:
    97 ;;		Nothing
    98 ;; This function is called by:
    99 ;;		Startup code after reset
   100 ;; This function uses a non-reentrant model
   101 ;;
   102                           
   103                           	psect	text0
   104  007FBE                     __ptext0:
   105                           	opt stack 0
   106  007FBE                     _main:
   107                           	opt stack 31
   108                           
   109                           ;main.c: 60: TRISA = 0x00;
   110                           
   111                           ;incstack = 0
   112  007FBE  0E00               	movlw	0
   113  007FC0  6E92               	movwf	3986,c	;volatile
   114  007FC2                     l612:
   115                           
   116                           ;main.c: 63: {
   117                           ;main.c: 64: PORTAbits.RA0 = 1;
   118  007FC2  8080               	bsf	3968,0,c	;volatile
   119                           
   120                           ;main.c: 66: _delay((unsigned long)((500)*(20000000/4000.0)));
   121  007FC4  0E0D               	movlw	13
   122  007FC6  6E02               	movwf	(??_main+1)& (0+255),c
   123  007FC8  0EAF               	movlw	175
   124  007FCA  6E01               	movwf	??_main& (0+255),c
   125  007FCC  0EB6               	movlw	182
   126  007FCE                     u17:
   127  007FCE  2EE8               	decfsz	wreg,f,c
   128  007FD0  D7FE               	bra	u17
   129  007FD2  2E01               	decfsz	??_main& (0+255),f,c
   130  007FD4  D7FC               	bra	u17
   131  007FD6  2E02               	decfsz	(??_main+1)& (0+255),f,c
   132  007FD8  D7FA               	bra	u17
   133  007FDA  D000               	nop2	
   134                           
   135                           ;main.c: 68: PORTAbits.RA0 = 0;
   136  007FDC  9080               	bcf	3968,0,c	;volatile
   137                           
   138                           ;main.c: 70: _delay((unsigned long)((500)*(20000000/4000.0)));
   139  007FDE  0E0D               	movlw	13
   140  007FE0  6E02               	movwf	(??_main+1)& (0+255),c
   141  007FE2  0EAF               	movlw	175
   142  007FE4  6E01               	movwf	??_main& (0+255),c
   143  007FE6  0EB6               	movlw	182
   144  007FE8                     u27:
   145  007FE8  2EE8               	decfsz	wreg,f,c
   146  007FEA  D7FE               	bra	u27
   147  007FEC  2E01               	decfsz	??_main& (0+255),f,c
   148  007FEE  D7FC               	bra	u27
   149  007FF0  2E02               	decfsz	(??_main+1)& (0+255),f,c
   150  007FF2  D7FA               	bra	u27
   151  007FF4  D000               	nop2	
   152  007FF6  D7E5               	goto	l612
   153  007FF8                     __end_of_main:
   154                           	opt stack 0
   155  0000                     wreg	equ	0xFE8
   156                           wreg	equ	0xFE8
   157                           
   158                           	psect	rparam
   159  0000                     wreg	equ	0xFE8


Data Sizes:
    Strings     0
    Constant    0
    Data        0
    BSS         0
    Persistent  0
    Stack       0

Auto Spaces:
    Space          Size  Autos    Used
    COMRAM           95      2       2
    BANK0           160      0       0
    BANK1           256      0       0
    BANK2           256      0       0
    BANK3           256      0       0
    BANK4           256      0       0
    BANK5           256      0       0
    BANK6           256      0       0
    BANK7           256      0       0
    BANK8           256      0       0
    BANK9           256      0       0
    BANK10          256      0       0
    BANK11          256      0       0
    BANK12          256      0       0
    BANK13          256      0       0
    BANK14          192      0       0

Pointer List with Targets:

    None.

Critical Paths under _main in COMRAM

    None.

Critical Paths under _main in BANK0

    None.

Critical Paths under _main in BANK1

    None.

Critical Paths under _main in BANK2

    None.

Critical Paths under _main in BANK3

    None.

Critical Paths under _main in BANK4

    None.

Critical Paths under _main in BANK5

    None.

Critical Paths under _main in BANK6

    None.

Critical Paths under _main in BANK7

    None.

Critical Paths under _main in BANK8

    None.

Critical Paths under _main in BANK9

    None.

Critical Paths under _main in BANK10

    None.

Critical Paths under _main in BANK11

    None.

Critical Paths under _main in BANK12

    None.

Critical Paths under _main in BANK13

    None.

Critical Paths under _main in BANK14

    None.

Call Graph Tables:

 ---------------------------------------------------------------------------------
 (Depth) Function   	        Calls       Base Space   Used Autos Params    Refs
 ---------------------------------------------------------------------------------
 (0) _main                                                 2     2      0       0
                                              0 COMRAM     2     2      0
 ---------------------------------------------------------------------------------
 Estimated maximum stack depth 0
 ---------------------------------------------------------------------------------

 Call Graph Graphs:

 _main (ROOT)

 Address spaces:
Name               Size   Autos  Total    Cost      Usage
BITCOMRAM           5F      0       0       0        0.0%
NULL                 0      0       0       0        0.0%
CODE                 0      0       0       0        0.0%
COMRAM              5F      2       2       1        2.1%
STACK                0      0       0       2        0.0%
DATA                 0      0       0       3        0.0%
BITBANK0            A0      0       0       4        0.0%
BANK0               A0      0       0       5        0.0%
ABS                  0      0       0       6        0.0%
BITBANK1           100      0       0       7        0.0%
BANK1              100      0       0       8        0.0%
BITBANK2           100      0       0       9        0.0%
BANK2              100      0       0      10        0.0%
BITBANK3           100      0       0      11        0.0%
BANK3              100      0       0      12        0.0%
BITBANK4           100      0       0      13        0.0%
BANK4              100      0       0      14        0.0%
BITBANK5           100      0       0      15        0.0%
BANK5              100      0       0      16        0.0%
BITBANK6           100      0       0      17        0.0%
BANK6              100      0       0      18        0.0%
BITBANK7           100      0       0      19        0.0%
BANK7              100      0       0      20        0.0%
BITBANK8           100      0       0      21        0.0%
BANK8              100      0       0      22        0.0%
BITBANK9           100      0       0      23        0.0%
BANK9              100      0       0      24        0.0%
BITBANK10          100      0       0      25        0.0%
BANK10             100      0       0      26        0.0%
BITBANK11          100      0       0      27        0.0%
BANK11             100      0       0      28        0.0%
BITBANK12          100      0       0      29        0.0%
BANK12             100      0       0      30        0.0%
BITBANK13          100      0       0      31        0.0%
BANK13             100      0       0      32        0.0%
BITBANK14           C0      0       0      33        0.0%
BANK14              C0      0       0      34        0.0%
BIGRAM             EBF      0       0      35        0.0%
BITSFR_2             0      0       0     200        0.0%
SFR_2                0      0       0     200        0.0%
BITSFR_1             0      0       0     200        0.0%
SFR_1                0      0       0     200        0.0%
BITSFR               0      0       0     200        0.0%
SFR                  0      0       0     200        0.0%


Microchip Technology PIC18 Macro Assembler V1.41 build -162212810 
Symbol Table                                                                                   Mon Nov 20 16:33:20 2017

                     u17 7FCE                       u27 7FE8             __CFG_CP0$OFF 000000  
            __CFG_OSC$HS 000000                      l612 7FC2                      wreg 000FE8  
           __CFG_IESO$ON 000000            __CFG_FCMEN$ON 000000                     _main 7FBE  
          __CFG_T1DIG$ON 000000                     start 0000             ___param_bank 000000  
                  ?_main 0001                    _TRISA 000F92  __CFG_DSWDTOSC$INTOSCREF 000000  
        __initialization 7FB8             __end_of_main 7FF8                   ??_main 0001  
          __activetblptr 000000           __CFG_WDTEN$OFF 000000           __CFG_WPCFG$OFF 000000  
         __CFG_WPDIS$OFF 000000           __CFG_XINST$OFF 000000           __CFG_STVREN$ON 000000  
        __CFG_DSBOREN$ON 000000               __accesstop 0060  __end_of__initialization 7FB8  
          ___rparam_used 000001          __CFG_IOL1WAY$ON 000000     __CFG_WPEND$PAGE_WPFP 000000  
         __pcstackCOMRAM 0001          __CFG_DSWDTEN$ON 000000          __CFG_DSWDTPS$G2 000000  
                __Hparam 0000                  __Lparam 0000                  __pcinit 7FB8  
                __ramtop 0F00                  __ptext0 7FBE     end_of_initialization 7FB8  
              _PORTAbits 000F80        __CFG_WPFP$PAGE_31 000000      __CFG_MSSP7B_EN$MSK7 000000  
    start_initialization 7FB8         __CFG_LPT1OSC$OFF 000000     __CFG_RTCOSC$T1OSCREF 000000  
       __CFG_WDTPS$32768 000000                 __Hrparam 0000                 __Lrparam 0000  
          __size_of_main 003A  
