

Microchip Technology PIC18 LITE Macro Assembler V1.41 build -162212810 
                                                                                               Wed Nov 22 15:53:10 2017

Microchip Technology Omniscient Code Generator v1.41 (Free mode) build 201701250102
     1                           	processor	18F25J11
     2                           	fnconf	rparam,??,?,0
     3                           	opt	pw 120
     4                           	opt	lm
     5                           	psect	cinit,global,reloc=2,class=CODE,delta=1
     6                           	psect	cstackCOMRAM,global,class=COMRAM,space=1,delta=1,noexec
     7                           	psect	text0,global,reloc=2,class=CODE,delta=1
     8                           	psect	intsave_regs,global,class=BIGRAM,space=1,delta=1,noexec
     9                           	psect	rparam,global,class=COMRAM,space=1,delta=1,noexec
    10  0000                     
    11                           ; Version 1.41
    12                           ; Generated 25/01/2017 GMT
    13                           ; 
    14                           ; Copyright © 2017, Microchip Technology Inc. and its subsidiaries ("Microchip")
    15                           ; All rights reserved.
    16                           ; 
    17                           ; This software is developed by Microchip Technology Inc. and its subsidiaries ("Microch
      +                          ip").
    18                           ; 
    19                           ; Redistribution and use in source and binary forms, with or without modification, are
    20                           ; permitted provided that the following conditions are met:
    21                           ; 
    22                           ;     1. Redistributions of source code must retain the above copyright notice, this lis
      +                          t of
    23                           ;        conditions and the following disclaimer.
    24                           ; 
    25                           ;     2. Redistributions in binary form must reproduce the above copyright notice, this 
      +                          list
    26                           ;        of conditions and the following disclaimer in the documentation and/or other
    27                           ;        materials provided with the distribution.
    28                           ; 
    29                           ;     3. Microchip's name may not be used to endorse or promote products derived from th
      +                          is
    30                           ;        software without specific prior written permission.
    31                           ; 
    32                           ; THIS SOFTWARE IS PROVIDED BY MICROCHIP "AS IS" AND ANY EXPRESS OR IMPLIED WARRANTIES,
    33                           ; INCLUDING, BUT NOT LIMITED TO, THE IMPLIED WARRANTIES OF MERCHANTABILITY AND FITNESS F
      +                          OR
    34                           ; PURPOSE ARE DISCLAIMED.  IN NO EVENT SHALL MICROCHIP BE LIABLE FOR ANY DIRECT, INDIREC
      +                          T,
    35                           ; INCIDENTAL, SPECIAL, EXEMPLARY, OR CONSEQUENTIAL DAMAGES (INCLUDING BUT NOT LIMITED TO
    36                           ; PROCUREMENT OF SUBSTITUTE GOODS OR SERVICES; LOSS OF USE, DATA OR PROFITS; OR BUSINESS
    37                           ; INTERRUPTION) HOWSOEVER CAUSED AND ON ANY THEORY OF LIABILITY, WHETHER IN CONTRACT, ST
      +                          RICT
    38                           ; LIABILITY, OR TORT (INCLUDING NEGLIGENCE OR OTHERWISE) ARISING IN ANY WAY OUT OF THE U
      +                          SE OF
    39                           ; THIS SOFTWARE, EVEN IF ADVISED OF THE POSSIBILITY OF SUCH DAMAGE.
    40                           ; 
    41                           ; 
    42                           ; Code-generator required, PIC18F25J11 Definitions
    43                           ; 
    44                           ; SFR Addresses
    45  0000                     _ANCON1bits	set	3913
    46  0000                     _ANCON0bits	set	3912
    47  0000                     _PORTAbits	set	3968
    48  0000                     _LATAbits	set	3977
    49  0000                     _TRISAbits	set	3986
    50  0000                     _CM1CON	set	4050
    51  0000                     _INTCON	set	4082
    52                           
    53                           ; #config settings
    54  0000                     
    55                           	psect	cinit
    56  007FA2                     __pcinit:
    57                           	opt stack 0
    58  007FA2                     start_initialization:
    59                           	opt stack 0
    60  007FA2                     __initialization:
    61                           	opt stack 0
    62  007FA2                     end_of_initialization:
    63                           	opt stack 0
    64  007FA2                     __end_of__initialization:
    65                           	opt stack 0
    66  007FA2  0100               	movlb	0
    67  007FA4  EFD4  F03F         	goto	_main	;jump to C main() function
    68                           
    69                           	psect	cstackCOMRAM
    70  000001                     __pcstackCOMRAM:
    71                           	opt stack 0
    72  000001                     ??_main:
    73                           
    74                           ; 1 bytes @ 0x0
    75  000001                     	ds	2
    76  000003                     main@status:
    77                           	opt stack 0
    78                           
    79                           ; 1 bytes @ 0x2
    80  000003                     	ds	1
    81                           
    82 ;;
    83 ;;Main: autosize = 0, tempsize = 2, incstack = 0, save=0
    84 ;;
    85 ;; *************** function _main *****************
    86 ;; Defined at:
    87 ;;		line 56 in file "main.c"
    88 ;; Parameters:    Size  Location     Type
    89 ;;		None
    90 ;; Auto vars:     Size  Location     Type
    91 ;;  status          1    2[COMRAM] unsigned char 
    92 ;; Return value:  Size  Location     Type
    93 ;;                  1    wreg      void 
    94 ;; Registers used:
    95 ;;		wreg, status,2, status,0
    96 ;; Tracked objects:
    97 ;;		On entry : 0/0
    98 ;;		On exit  : 0/0
    99 ;;		Unchanged: 0/0
   100 ;; Data sizes:     COMRAM   BANK0   BANK1   BANK2   BANK3   BANK4   BANK5   BANK6   BANK7   BANK8   BANK9  BANK10  BANK1
      +1  BANK12  BANK13  BANK14
   101 ;;      Params:         0       0       0       0       0       0       0       0       0       0       0       0       
      +0       0       0       0
   102 ;;      Locals:         1       0       0       0       0       0       0       0       0       0       0       0       
      +0       0       0       0
   103 ;;      Temps:          2       0       0       0       0       0       0       0       0       0       0       0       
      +0       0       0       0
   104 ;;      Totals:         3       0       0       0       0       0       0       0       0       0       0       0       
      +0       0       0       0
   105 ;;Total ram usage:        3 bytes
   106 ;; This function calls:
   107 ;;		Nothing
   108 ;; This function is called by:
   109 ;;		Startup code after reset
   110 ;; This function uses a non-reentrant model
   111 ;;
   112                           
   113                           	psect	text0
   114  007FA8                     __ptext0:
   115                           	opt stack 0
   116  007FA8                     _main:
   117                           	opt stack 31
   118                           
   119                           ;main.c: 57: unsigned char status = 0;
   120                           
   121                           ;incstack = 0
   122  007FA8  0E00               	movlw	0
   123  007FAA  6E03               	movwf	main@status,c
   124                           
   125                           ;main.c: 59: INTCON = 0x0;
   126  007FAC  0E00               	movlw	0
   127  007FAE  6EF2               	movwf	intcon,c	;volatile
   128                           
   129                           ;main.c: 61: ANCON0bits.PCFG0 = 1;
   130  007FB0  010F               	movlb	15	; () banked
   131  007FB2  8148               	bsf	72,0,b	;volatile
   132                           
   133                           ; BSR set to: 15
   134                           ;main.c: 62: ANCON0bits.PCFG1 = 1;
   135  007FB4  010F               	movlb	15	; () banked
   136  007FB6  8348               	bsf	72,1,b	;volatile
   137                           
   138                           ; BSR set to: 15
   139                           ;main.c: 63: ANCON0bits.PCFG2 = 1;
   140  007FB8  010F               	movlb	15	; () banked
   141  007FBA  8548               	bsf	72,2,b	;volatile
   142                           
   143                           ; BSR set to: 15
   144                           ;main.c: 64: ANCON0bits.PCFG3 = 1;
   145  007FBC  010F               	movlb	15	; () banked
   146  007FBE  8748               	bsf	72,3,b	;volatile
   147                           
   148                           ; BSR set to: 15
   149                           ;main.c: 65: ANCON0bits.PCFG4 = 1;
   150  007FC0  010F               	movlb	15	; () banked
   151  007FC2  8948               	bsf	72,4,b	;volatile
   152                           
   153                           ; BSR set to: 15
   154                           ;main.c: 67: ANCON1bits.VBGEN = 0;
   155  007FC4  010F               	movlb	15	; () banked
   156  007FC6  9F49               	bcf	73,7,b	;volatile
   157                           
   158                           ;main.c: 71: CM1CON = 0x07;
   159  007FC8  0E07               	movlw	7
   160  007FCA  6ED2               	movwf	4050,c	;volatile
   161                           
   162                           ; BSR set to: 15
   163                           ;main.c: 73: TRISAbits.TRISA0 = 0;
   164  007FCC  9092               	bcf	3986,0,c	;volatile
   165                           
   166                           ; BSR set to: 15
   167                           ;main.c: 74: TRISAbits.TRISA1 = 0;
   168  007FCE  9292               	bcf	3986,1,c	;volatile
   169                           
   170                           ; BSR set to: 15
   171                           ;main.c: 75: TRISAbits.TRISA5 = 1;
   172  007FD0  8A92               	bsf	3986,5,c	;volatile
   173                           
   174                           ; BSR set to: 15
   175                           ;main.c: 77: LATAbits.LATA0 = 1;
   176  007FD2  8089               	bsf	3977,0,c	;volatile
   177                           
   178                           ; BSR set to: 15
   179                           ;main.c: 78: LATAbits.LATA1 = 0;
   180  007FD4  9289               	bcf	3977,1,c	;volatile
   181  007FD6                     l645:
   182                           
   183                           ;main.c: 81: {
   184                           ;main.c: 82: if ((PORTAbits.RA5) == 0)
   185  007FD6  BA80               	btfsc	3968,5,c	;volatile
   186  007FD8  D7FE               	goto	l645
   187                           
   188                           ;main.c: 83: {
   189                           ;main.c: 84: LATAbits.LATA0 ^= 1;
   190  007FDA  7089               	btg	3977,0,c	;volatile
   191                           
   192                           ;main.c: 85: LATAbits.LATA1 ^= 1;
   193  007FDC  7289               	btg	3977,1,c	;volatile
   194                           
   195                           ;main.c: 87: _delay((unsigned long)((500)*(20000000/4000.0)));
   196  007FDE  0E0D               	movlw	13
   197  007FE0  6E02               	movwf	(??_main+1)& (0+255),c
   198  007FE2  0EAF               	movlw	175
   199  007FE4  6E01               	movwf	??_main& (0+255),c
   200  007FE6  0EB6               	movlw	182
   201  007FE8                     u27:
   202  007FE8  2EE8               	decfsz	wreg,f,c
   203  007FEA  D7FE               	bra	u27
   204  007FEC  2E01               	decfsz	??_main& (0+255),f,c
   205  007FEE  D7FC               	bra	u27
   206  007FF0  2E02               	decfsz	(??_main+1)& (0+255),f,c
   207  007FF2  D7FA               	bra	u27
   208  007FF4  D000               	nop2	
   209  007FF6  D7EF               	goto	l645
   210  007FF8                     __end_of_main:
   211                           	opt stack 0
   212  0000                     intcon	equ	0xFF2
   213                           wreg	equ	0xFE8
   214                           intcon	equ	0xFF2
   215                           wreg	equ	0xFE8
   216                           
   217                           	psect	rparam
   218  0000                     intcon	equ	0xFF2
   219                           wreg	equ	0xFE8


Data Sizes:
    Strings     0
    Constant    0
    Data        0
    BSS         0
    Persistent  0
    Stack       0

Auto Spaces:
    Space          Size  Autos    Used
    COMRAM           95      3       3
    BANK0           160      0       0
    BANK1           256      0       0
    BANK2           256      0       0
    BANK3           256      0       0
    BANK4           256      0       0
    BANK5           256      0       0
    BANK6           256      0       0
    BANK7           256      0       0
    BANK8           256      0       0
    BANK9           256      0       0
    BANK10          256      0       0
    BANK11          256      0       0
    BANK12          256      0       0
    BANK13          256      0       0
    BANK14          192      0       0

Pointer List with Targets:

    None.

Critical Paths under _main in COMRAM

    None.

Critical Paths under _main in BANK0

    None.

Critical Paths under _main in BANK1

    None.

Critical Paths under _main in BANK2

    None.

Critical Paths under _main in BANK3

    None.

Critical Paths under _main in BANK4

    None.

Critical Paths under _main in BANK5

    None.

Critical Paths under _main in BANK6

    None.

Critical Paths under _main in BANK7

    None.

Critical Paths under _main in BANK8

    None.

Critical Paths under _main in BANK9

    None.

Critical Paths under _main in BANK10

    None.

Critical Paths under _main in BANK11

    None.

Critical Paths under _main in BANK12

    None.

Critical Paths under _main in BANK13

    None.

Critical Paths under _main in BANK14

    None.

Call Graph Tables:

 ---------------------------------------------------------------------------------
 (Depth) Function   	        Calls       Base Space   Used Autos Params    Refs
 ---------------------------------------------------------------------------------
 (0) _main                                                 3     3      0       0
                                              0 COMRAM     3     3      0
 ---------------------------------------------------------------------------------
 Estimated maximum stack depth 0
 ---------------------------------------------------------------------------------

 Call Graph Graphs:

 _main (ROOT)

 Address spaces:
Name               Size   Autos  Total    Cost      Usage
BITCOMRAM           5F      0       0       0        0.0%
NULL                 0      0       0       0        0.0%
CODE                 0      0       0       0        0.0%
COMRAM              5F      3       3       1        3.2%
STACK                0      0       0       2        0.0%
DATA                 0      0       0       3        0.0%
BITBANK0            A0      0       0       4        0.0%
BANK0               A0      0       0       5        0.0%
ABS                  0      0       0       6        0.0%
BITBANK1           100      0       0       7        0.0%
BANK1              100      0       0       8        0.0%
BITBANK2           100      0       0       9        0.0%
BANK2              100      0       0      10        0.0%
BITBANK3           100      0       0      11        0.0%
BANK3              100      0       0      12        0.0%
BITBANK4           100      0       0      13        0.0%
BANK4              100      0       0      14        0.0%
BITBANK5           100      0       0      15        0.0%
BANK5              100      0       0      16        0.0%
BITBANK6           100      0       0      17        0.0%
BANK6              100      0       0      18        0.0%
BITBANK7           100      0       0      19        0.0%
BANK7              100      0       0      20        0.0%
BITBANK8           100      0       0      21        0.0%
BANK8              100      0       0      22        0.0%
BITBANK9           100      0       0      23        0.0%
BANK9              100      0       0      24        0.0%
BITBANK10          100      0       0      25        0.0%
BANK10             100      0       0      26        0.0%
BITBANK11          100      0       0      27        0.0%
BANK11             100      0       0      28        0.0%
BITBANK12          100      0       0      29        0.0%
BANK12             100      0       0      30        0.0%
BITBANK13          100      0       0      31        0.0%
BANK13             100      0       0      32        0.0%
BITBANK14           C0      0       0      33        0.0%
BANK14              C0      0       0      34        0.0%
BIGRAM             EBF      0       0      35        0.0%
BITSFR_2             0      0       0     200        0.0%
SFR_2                0      0       0     200        0.0%
BITSFR_1             0      0       0     200        0.0%
SFR_1                0      0       0     200        0.0%
BITSFR               0      0       0     200        0.0%
SFR                  0      0       0     200        0.0%


Microchip Technology PIC18 Macro Assembler V1.41 build -162212810 
Symbol Table                                                                                   Wed Nov 22 15:53:10 2017

                     u27 7FE8             __CFG_CP0$OFF 000000              __CFG_OSC$HS 000000  
                    l645 7FD6                      wreg 000FE8             __CFG_IESO$ON 000000  
          __CFG_FCMEN$ON 000000                     _main 7FA8            __CFG_T1DIG$ON 000000  
                   start 0000             ___param_bank 000000                    ?_main 0001  
__CFG_DSWDTOSC$INTOSCREF 000000          __initialization 7FA2             __end_of_main 7FF8  
                 ??_main 0001            __activetblptr 000000                   _CM1CON 000FD2  
         __CFG_WDTEN$OFF 000000                   _INTCON 000FF2           __CFG_WPCFG$OFF 000000  
         __CFG_WPDIS$OFF 000000           __CFG_XINST$OFF 000000           __CFG_STVREN$ON 000000  
        __CFG_DSBOREN$ON 000000               __accesstop 0060  __end_of__initialization 7FA2  
          ___rparam_used 000001          __CFG_IOL1WAY$ON 000000     __CFG_WPEND$PAGE_WPFP 000000  
         __pcstackCOMRAM 0001          __CFG_DSWDTEN$ON 000000          __CFG_DSWDTPS$G2 000000  
                __Hparam 0000                  __Lparam 0000                  __pcinit 7FA2  
                __ramtop 0F00                  __ptext0 7FA8     end_of_initialization 7FA2  
              _PORTAbits 000F80                _TRISAbits 000F92        __CFG_WPFP$PAGE_31 000000  
             main@status 0003      __CFG_MSSP7B_EN$MSK7 000000      start_initialization 7FA2  
       __CFG_LPT1OSC$OFF 000000     __CFG_RTCOSC$T1OSCREF 000000                 _LATAbits 000F89  
       __CFG_WDTPS$32768 000000               _ANCON0bits 000F48               _ANCON1bits 000F49  
               __Hrparam 0000                 __Lrparam 0000            __size_of_main 0050  
