

Microchip Technology PIC18 LITE Macro Assembler V1.41 build -162212810 
                                                                                               Wed Nov 22 14:49:32 2017

Microchip Technology Omniscient Code Generator v1.41 (Free mode) build 201701250102
     1                           	processor	18F25J11
     2                           	fnconf	rparam,??,?,0
     3                           	opt	pw 120
     4                           	opt	lm
     5                           	psect	cinit,global,reloc=2,class=CODE,delta=1
     6                           	psect	cstackCOMRAM,global,class=COMRAM,space=1,delta=1,noexec
     7                           	psect	text0,global,reloc=2,class=CODE,delta=1
     8                           	psect	intsave_regs,global,class=BIGRAM,space=1,delta=1,noexec
     9                           	psect	rparam,global,class=COMRAM,space=1,delta=1,noexec
    10  0000                     
    11                           ; Version 1.41
    12                           ; Generated 25/01/2017 GMT
    13                           ; 
    14                           ; Copyright © 2017, Microchip Technology Inc. and its subsidiaries ("Microchip")
    15                           ; All rights reserved.
    16                           ; 
    17                           ; This software is developed by Microchip Technology Inc. and its subsidiaries ("Microch
      +                          ip").
    18                           ; 
    19                           ; Redistribution and use in source and binary forms, with or without modification, are
    20                           ; permitted provided that the following conditions are met:
    21                           ; 
    22                           ;     1. Redistributions of source code must retain the above copyright notice, this lis
      +                          t of
    23                           ;        conditions and the following disclaimer.
    24                           ; 
    25                           ;     2. Redistributions in binary form must reproduce the above copyright notice, this 
      +                          list
    26                           ;        of conditions and the following disclaimer in the documentation and/or other
    27                           ;        materials provided with the distribution.
    28                           ; 
    29                           ;     3. Microchip's name may not be used to endorse or promote products derived from th
      +                          is
    30                           ;        software without specific prior written permission.
    31                           ; 
    32                           ; THIS SOFTWARE IS PROVIDED BY MICROCHIP "AS IS" AND ANY EXPRESS OR IMPLIED WARRANTIES,
    33                           ; INCLUDING, BUT NOT LIMITED TO, THE IMPLIED WARRANTIES OF MERCHANTABILITY AND FITNESS F
      +                          OR
    34                           ; PURPOSE ARE DISCLAIMED.  IN NO EVENT SHALL MICROCHIP BE LIABLE FOR ANY DIRECT, INDIREC
      +                          T,
    35                           ; INCIDENTAL, SPECIAL, EXEMPLARY, OR CONSEQUENTIAL DAMAGES (INCLUDING BUT NOT LIMITED TO
    36                           ; PROCUREMENT OF SUBSTITUTE GOODS OR SERVICES; LOSS OF USE, DATA OR PROFITS; OR BUSINESS
    37                           ; INTERRUPTION) HOWSOEVER CAUSED AND ON ANY THEORY OF LIABILITY, WHETHER IN CONTRACT, ST
      +                          RICT
    38                           ; LIABILITY, OR TORT (INCLUDING NEGLIGENCE OR OTHERWISE) ARISING IN ANY WAY OUT OF THE U
      +                          SE OF
    39                           ; THIS SOFTWARE, EVEN IF ADVISED OF THE POSSIBILITY OF SUCH DAMAGE.
    40                           ; 
    41                           ; 
    42                           ; Code-generator required, PIC18F25J11 Definitions
    43                           ; 
    44                           ; SFR Addresses
    45  0000                     _LATAbits	set	3977
    46  0000                     _TRISAbits	set	3986
    47                           
    48                           ; #config settings
    49  0000                     
    50                           	psect	cinit
    51  007FCC                     __pcinit:
    52                           	opt stack 0
    53  007FCC                     start_initialization:
    54                           	opt stack 0
    55  007FCC                     __initialization:
    56                           	opt stack 0
    57  007FCC                     end_of_initialization:
    58                           	opt stack 0
    59  007FCC                     __end_of__initialization:
    60                           	opt stack 0
    61  007FCC  0100               	movlb	0
    62  007FCE  EFE9  F03F         	goto	_main	;jump to C main() function
    63                           
    64                           	psect	cstackCOMRAM
    65  000001                     __pcstackCOMRAM:
    66                           	opt stack 0
    67  000001                     ??_main:
    68                           
    69                           ; 1 bytes @ 0x0
    70  000001                     	ds	2
    71                           
    72 ;;
    73 ;;Main: autosize = 0, tempsize = 2, incstack = 0, save=0
    74 ;;
    75 ;; *************** function _main *****************
    76 ;; Defined at:
    77 ;;		line 56 in file "main.c"
    78 ;; Parameters:    Size  Location     Type
    79 ;;		None
    80 ;; Auto vars:     Size  Location     Type
    81 ;;		None
    82 ;; Return value:  Size  Location     Type
    83 ;;                  1    wreg      void 
    84 ;; Registers used:
    85 ;;		wreg, status,2, status,0
    86 ;; Tracked objects:
    87 ;;		On entry : 0/0
    88 ;;		On exit  : 0/0
    89 ;;		Unchanged: 0/0
    90 ;; Data sizes:     COMRAM   BANK0   BANK1   BANK2   BANK3   BANK4   BANK5   BANK6   BANK7   BANK8   BANK9  BANK10  BANK1
      +1  BANK12  BANK13  BANK14
    91 ;;      Params:         0       0       0       0       0       0       0       0       0       0       0       0       
      +0       0       0       0
    92 ;;      Locals:         0       0       0       0       0       0       0       0       0       0       0       0       
      +0       0       0       0
    93 ;;      Temps:          2       0       0       0       0       0       0       0       0       0       0       0       
      +0       0       0       0
    94 ;;      Totals:         2       0       0       0       0       0       0       0       0       0       0       0       
      +0       0       0       0
    95 ;;Total ram usage:        2 bytes
    96 ;; This function calls:
    97 ;;		Nothing
    98 ;; This function is called by:
    99 ;;		Startup code after reset
   100 ;; This function uses a non-reentrant model
   101 ;;
   102                           
   103                           	psect	text0
   104  007FD2                     __ptext0:
   105                           	opt stack 0
   106  007FD2                     _main:
   107                           	opt stack 31
   108                           
   109                           ;main.c: 58: TRISAbits.TRISA0 = 0;
   110                           
   111                           ;incstack = 0
   112  007FD2  9092               	bcf	3986,0,c	;volatile
   113                           
   114                           ;main.c: 59: TRISAbits.TRISA1 = 0;
   115  007FD4  9292               	bcf	3986,1,c	;volatile
   116                           
   117                           ;main.c: 61: LATAbits.LATA0 = 0;
   118  007FD6  9089               	bcf	3977,0,c	;volatile
   119                           
   120                           ;main.c: 62: LATAbits.LATA1 = 1;
   121  007FD8  8289               	bsf	3977,1,c	;volatile
   122  007FDA                     l612:
   123                           
   124                           ;main.c: 65: {
   125                           ;main.c: 66: LATAbits.LATA0 ^= 1;
   126  007FDA  7089               	btg	3977,0,c	;volatile
   127                           
   128                           ;main.c: 67: LATAbits.LATA1 ^= 1;
   129  007FDC  7289               	btg	3977,1,c	;volatile
   130                           
   131                           ;main.c: 69: _delay((unsigned long)((700)*(20000000/4000.0)));
   132  007FDE  0E12               	movlw	18
   133  007FE0  6E02               	movwf	(??_main+1)& (0+255),c
   134  007FE2  0EC2               	movlw	194
   135  007FE4  6E01               	movwf	??_main& (0+255),c
   136  007FE6  0E66               	movlw	102
   137  007FE8                     u17:
   138  007FE8  2EE8               	decfsz	wreg,f,c
   139  007FEA  D7FE               	bra	u17
   140  007FEC  2E01               	decfsz	??_main& (0+255),f,c
   141  007FEE  D7FC               	bra	u17
   142  007FF0  2E02               	decfsz	(??_main+1)& (0+255),f,c
   143  007FF2  D7FA               	bra	u17
   144  007FF4  D000               	nop2	
   145  007FF6  D7F1               	goto	l612
   146  007FF8                     __end_of_main:
   147                           	opt stack 0
   148  0000                     wreg	equ	0xFE8
   149                           wreg	equ	0xFE8
   150                           
   151                           	psect	rparam
   152  0000                     wreg	equ	0xFE8


Data Sizes:
    Strings     0
    Constant    0
    Data        0
    BSS         0
    Persistent  0
    Stack       0

Auto Spaces:
    Space          Size  Autos    Used
    COMRAM           95      2       2
    BANK0           160      0       0
    BANK1           256      0       0
    BANK2           256      0       0
    BANK3           256      0       0
    BANK4           256      0       0
    BANK5           256      0       0
    BANK6           256      0       0
    BANK7           256      0       0
    BANK8           256      0       0
    BANK9           256      0       0
    BANK10          256      0       0
    BANK11          256      0       0
    BANK12          256      0       0
    BANK13          256      0       0
    BANK14          192      0       0

Pointer List with Targets:

    None.

Critical Paths under _main in COMRAM

    None.

Critical Paths under _main in BANK0

    None.

Critical Paths under _main in BANK1

    None.

Critical Paths under _main in BANK2

    None.

Critical Paths under _main in BANK3

    None.

Critical Paths under _main in BANK4

    None.

Critical Paths under _main in BANK5

    None.

Critical Paths under _main in BANK6

    None.

Critical Paths under _main in BANK7

    None.

Critical Paths under _main in BANK8

    None.

Critical Paths under _main in BANK9

    None.

Critical Paths under _main in BANK10

    None.

Critical Paths under _main in BANK11

    None.

Critical Paths under _main in BANK12

    None.

Critical Paths under _main in BANK13

    None.

Critical Paths under _main in BANK14

    None.

Call Graph Tables:

 ---------------------------------------------------------------------------------
 (Depth) Function   	        Calls       Base Space   Used Autos Params    Refs
 ---------------------------------------------------------------------------------
 (0) _main                                                 2     2      0       0
                                              0 COMRAM     2     2      0
 ---------------------------------------------------------------------------------
 Estimated maximum stack depth 0
 ---------------------------------------------------------------------------------

 Call Graph Graphs:

 _main (ROOT)

 Address spaces:
Name               Size   Autos  Total    Cost      Usage
BITCOMRAM           5F      0       0       0        0.0%
NULL                 0      0       0       0        0.0%
CODE                 0      0       0       0        0.0%
COMRAM              5F      2       2       1        2.1%
STACK                0      0       0       2        0.0%
DATA                 0      0       0       3        0.0%
BITBANK0            A0      0       0       4        0.0%
BANK0               A0      0       0       5        0.0%
ABS                  0      0       0       6        0.0%
BITBANK1           100      0       0       7        0.0%
BANK1              100      0       0       8        0.0%
BITBANK2           100      0       0       9        0.0%
BANK2              100      0       0      10        0.0%
BITBANK3           100      0       0      11        0.0%
BANK3              100      0       0      12        0.0%
BITBANK4           100      0       0      13        0.0%
BANK4              100      0       0      14        0.0%
BITBANK5           100      0       0      15        0.0%
BANK5              100      0       0      16        0.0%
BITBANK6           100      0       0      17        0.0%
BANK6              100      0       0      18        0.0%
BITBANK7           100      0       0      19        0.0%
BANK7              100      0       0      20        0.0%
BITBANK8           100      0       0      21        0.0%
BANK8              100      0       0      22        0.0%
BITBANK9           100      0       0      23        0.0%
BANK9              100      0       0      24        0.0%
BITBANK10          100      0       0      25        0.0%
BANK10             100      0       0      26        0.0%
BITBANK11          100      0       0      27        0.0%
BANK11             100      0       0      28        0.0%
BITBANK12          100      0       0      29        0.0%
BANK12             100      0       0      30        0.0%
BITBANK13          100      0       0      31        0.0%
BANK13             100      0       0      32        0.0%
BITBANK14           C0      0       0      33        0.0%
BANK14              C0      0       0      34        0.0%
BIGRAM             EBF      0       0      35        0.0%
BITSFR_2             0      0       0     200        0.0%
SFR_2                0      0       0     200        0.0%
BITSFR_1             0      0       0     200        0.0%
SFR_1                0      0       0     200        0.0%
BITSFR               0      0       0     200        0.0%
SFR                  0      0       0     200        0.0%


Microchip Technology PIC18 Macro Assembler V1.41 build -162212810 
Symbol Table                                                                                   Wed Nov 22 14:49:32 2017

                     u17 7FE8             __CFG_CP0$OFF 000000              __CFG_OSC$HS 000000  
                    l612 7FDA                      wreg 000FE8             __CFG_IESO$ON 000000  
          __CFG_FCMEN$ON 000000                     _main 7FD2            __CFG_T1DIG$ON 000000  
                   start 0000             ___param_bank 000000                    ?_main 0001  
__CFG_DSWDTOSC$INTOSCREF 000000          __initialization 7FCC             __end_of_main 7FF8  
                 ??_main 0001            __activetblptr 000000           __CFG_WDTEN$OFF 000000  
         __CFG_WPCFG$OFF 000000           __CFG_WPDIS$OFF 000000           __CFG_XINST$OFF 000000  
         __CFG_STVREN$ON 000000          __CFG_DSBOREN$ON 000000               __accesstop 0060  
__end_of__initialization 7FCC            ___rparam_used 000001          __CFG_IOL1WAY$ON 000000  
   __CFG_WPEND$PAGE_WPFP 000000           __pcstackCOMRAM 0001          __CFG_DSWDTEN$ON 000000  
        __CFG_DSWDTPS$G2 000000                  __Hparam 0000                  __Lparam 0000  
                __pcinit 7FCC                  __ramtop 0F00                  __ptext0 7FD2  
   end_of_initialization 7FCC                _TRISAbits 000F92        __CFG_WPFP$PAGE_31 000000  
    __CFG_MSSP7B_EN$MSK7 000000      start_initialization 7FCC         __CFG_LPT1OSC$OFF 000000  
   __CFG_RTCOSC$T1OSCREF 000000                 _LATAbits 000F89         __CFG_WDTPS$32768 000000  
               __Hrparam 0000                 __Lrparam 0000            __size_of_main 0026  
